============================================= 
[Sun 03/29/2026 21:42:41.15] START CF RETRAIN 
============================================= 
[21:42:45.51] Step 1: build_cf_implicit... 
E:\TLCN\BE_py\book-platform\.venv\Lib\site-packages\implicit\cpu\als.py:95: RuntimeWarning: OpenBLAS is configured to use 12 threads. It is highly recommended to disable its internal threadpool by setting the environment variable 'OPENBLAS_NUM_THREADS=1' or by calling 'threadpoolctl.threadpool_limits(1, "blas")'. Having OpenBLAS use a threadpool can lead to severe performance issues here.
  check_blas_config()
[ALS-CF] factors=64 iter=20 alpha=5.0 topk=50
[1/4] Tải Implicit Feedback từ MySQL...
      Interactions: 73,103  |  Users: 301  |  Books: 19,990
[2/4] Build Confidence Matrix...
      Shape: (301, 19990)  |  Sparsity: 98.79%
[3/4] Huấn luyện ALS...
  0%|          | 0/20 [00:00<?, ?it/s] 15%|█▌        | 3/20 [00:00<00:00, 27.96it/s] 30%|███       | 6/20 [00:00<00:00, 26.99it/s] 45%|████▌     | 9/20 [00:00<00:00, 26.36it/s] 60%|██████    | 12/20 [00:00<00:00, 24.68it/s] 75%|███████▌  | 15/20 [00:00<00:00, 25.10it/s] 90%|█████████ | 18/20 [00:00<00:00, 25.73it/s]100%|██████████| 20/20 [00:00<00:00, 25.92it/s]
Traceback (most recent call last):
  File "E:\TLCN\BE_py\book-platform\.venv\Lib\site-packages\mysql\connector\connection_cext.py", line 772, in cmd_query
    self._cmysql.query(
_mysql_connector.MySQLInterfaceError: Deadlock found when trying to get lock; try restarting transaction

The above exception was the direct cause of the following exception:

Traceback (most recent call last):
  File "<frozen runpy>", line 198, in _run_module_as_main
  File "<frozen runpy>", line 88, in _run_code
  File "E:\KLTN\12_22110190_22110243_XayDungWebsiteBanSachTichHopHeThongGoiY\source-code\BE_py\book-platform\recommendation-service\recommend_app\services\collab_filtering\build_cf_implicit.py", line 165, in <module>
    main()
  File "E:\KLTN\12_22110190_22110243_XayDungWebsiteBanSachTichHopHeThongGoiY\source-code\BE_py\book-platform\recommendation-service\recommend_app\services\collab_filtering\build_cf_implicit.py", line 159, in main
    save_to_db(rows)
  File "E:\KLTN\12_22110190_22110243_XayDungWebsiteBanSachTichHopHeThongGoiY\source-code\BE_py\book-platform\recommendation-service\recommend_app\services\collab_filtering\build_cf_implicit.py", line 129, in save_to_db
    cur.executemany(sql, rows[i: i + 10_000])
  File "E:\TLCN\BE_py\book-platform\.venv\Lib\site-packages\mysql\connector\cursor_cext.py", line 473, in executemany
    return self.execute(cast(str, stmt))
           ^^^^^^^^^^^^^^^^^^^^^^^^^^^^^
  File "E:\TLCN\BE_py\book-platform\.venv\Lib\site-packages\mysql\connector\cursor_cext.py", line 353, in execute
    self._connection.cmd_query(
  File "E:\TLCN\BE_py\book-platform\.venv\Lib\site-packages\mysql\connector\opentelemetry\context_propagation.py", line 97, in wrapper
    return method(cnx, *args, **kwargs)
           ^^^^^^^^^^^^^^^^^^^^^^^^^^^^
  File "E:\TLCN\BE_py\book-platform\.venv\Lib\site-packages\mysql\connector\connection_cext.py", line 781, in cmd_query
    raise get_mysql_exception(
mysql.connector.errors.InternalError: 1213 (40001): Deadlock found when trying to get lock; try restarting transaction
      Item Factor Matrix: (19990, 64)
[4/4] Tính Top-K & Lưu DB...
      Tổng rows: 999,517
  Saved 10000/999517 rows...
  Saved 20000/999517 rows...
  Saved 30000/999517 rows...
  Saved 40000/999517 rows...
  Saved 50000/999517 rows...
  Saved 60000/999517 rows...
  Saved 70000/999517 rows...
  Saved 80000/999517 rows...
  Saved 90000/999517 rows...
  Saved 100000/999517 rows...
  Saved 110000/999517 rows...
  Saved 120000/999517 rows...
  Saved 130000/999517 rows...
  Saved 140000/999517 rows...
  Saved 150000/999517 rows...
  Saved 160000/999517 rows...
  Saved 170000/999517 rows...
  Saved 180000/999517 rows...
  Saved 190000/999517 rows...
  Saved 200000/999517 rows...
  Saved 210000/999517 rows...
  Saved 220000/999517 rows...
  Saved 230000/999517 rows...
  Saved 240000/999517 rows...
  Saved 250000/999517 rows...
  Saved 260000/999517 rows...
  Saved 270000/999517 rows...
  Saved 280000/999517 rows...
  Saved 290000/999517 rows...
  Saved 300000/999517 rows...
  Saved 310000/999517 rows...
  Saved 320000/999517 rows...
  Saved 330000/999517 rows...
  Saved 340000/999517 rows...
  Saved 350000/999517 rows...
  Saved 360000/999517 rows...
  Saved 370000/999517 rows...
  Saved 380000/999517 rows...
  Saved 390000/999517 rows...
  Saved 400000/999517 rows...
  Saved 410000/999517 rows...
  Saved 420000/999517 rows...
  Saved 430000/999517 rows...
  Saved 440000/999517 rows...
  Saved 450000/999517 rows...
  Saved 460000/999517 rows...
  Saved 470000/999517 rows...
  Saved 480000/999517 rows...
  Saved 490000/999517 rows...
  Saved 500000/999517 rows...
  Saved 510000/999517 rows...
  Saved 520000/999517 rows...
  Saved 530000/999517 rows...
  Saved 540000/999517 rows...
  Saved 550000/999517 rows...
  Saved 560000/999517 rows...
  Saved 570000/999517 rows...
  Saved 580000/999517 rows...
  Saved 590000/999517 rows...
  Saved 600000/999517 rows...
  Saved 610000/999517 rows...
  Saved 620000/999517 rows...
  Saved 630000/999517 rows...
  Saved 640000/999517 rows...
  Saved 650000/999517 rows...
  Saved 660000/999517 rows...
  Saved 670000/999517 rows...
  Saved 680000/999517 rows...
  Saved 690000/999517 rows...
  Saved 700000/999517 rows...
  Saved 710000/999517 rows...
  Saved 720000/999517 rows...
  Saved 730000/999517 rows...
  Saved 740000/999517 rows...
  Saved 750000/999517 rows...
  Saved 760000/999517 rows...
  Saved 770000/999517 rows...
  Saved 780000/999517 rows...
  Saved 790000/999517 rows...
  Saved 800000/999517 rows...
  Saved 810000/999517 rows...
  Saved 820000/999517 rows...
  Saved 830000/999517 rows...
  Saved 840000/999517 rows...
  Saved 850000/999517 rows...
  Saved 860000/999517 rows...
[21:43:54.83] Step 1 done (start: 21:42:45.51 / end: 21:43:54.83). 
[21:43:54.85] Step 2: build_cf_purchase... 
E:\TLCN\BE_py\book-platform\.venv\Lib\site-packages\implicit\cpu\als.py:95: RuntimeWarning: OpenBLAS is configured to use 12 threads. It is highly recommended to disable its internal threadpool by setting the environment variable 'OPENBLAS_NUM_THREADS=1' or by calling 'threadpoolctl.threadpool_limits(1, "blas")'. Having OpenBLAS use a threadpool can lead to severe performance issues here.
  check_blas_config()
[ALS-CF-PURCHASE] factors=64 iterations=20 alpha=10.0 topk=50
[1/4] Tải Purchase data từ orders/order_details...
      Interactions: 16,989  |  Users: 301  |  Books: 8,416
[2/4] Build Confidence Matrix...
      Shape: (301, 8416)  |  Sparsity: 99.33%
[3/4] Huấn luyện ALS...
  0%|          | 0/20 [00:00<?, ?it/s] 35%|███▌      | 7/20 [00:00<00:00, 64.04it/s] 70%|███████   | 14/20 [00:00<00:00, 62.17it/s]100%|██████████| 20/20 [00:00<00:00, 63.78it/s]
[4/4] Tính Top-K & Lưu DB...
      Tổng rows: 420,800

[DONE] CF_PURCHASE hoàn tất trong 38.2s
[21:44:35.20] Step 2 done (start: 21:43:54.85 / end: 21:44:35.20). 
[21:44:35.21] Step 3: rebuild_user_cf_batch... 
